15:08:19,867 INFO  Refreshing org.springframework.context.support.FileSystemXmlApplicationContext@161cd475: display name [org.springframework.context.support.FileSystemXmlApplicationContext@161cd475]; startup date [Sat Apr 10 15:08:19 WIB 2021]; root of context hierarchy
15:08:19,895 DEBUG Falling back to plain synchronized [java.util.HashMap] for concurrent map
15:08:19,895 DEBUG Falling back to plain synchronized [java.util.HashMap] for concurrent map
15:08:19,895 DEBUG Falling back to plain synchronized [java.util.HashMap] for concurrent map
15:08:19,895 DEBUG Falling back to plain synchronized [java.util.HashMap] for concurrent map
15:08:19,895 DEBUG Falling back to plain synchronized [java.util.HashMap] for concurrent map
15:08:19,895 DEBUG Falling back to plain synchronized [java.util.HashMap] for concurrent map
15:08:19,895 DEBUG Falling back to plain synchronized [java.util.HashMap] for concurrent map
15:08:19,898 DEBUG Falling back to plain synchronized [java.util.HashMap] for concurrent map
15:08:19,898 DEBUG Falling back to plain synchronized [java.util.HashMap] for concurrent map
15:08:19,918 INFO  Loading XML bean definitions from file [/Users/Fauzan/Documents/Eclipse-Workplace/work/BackEndApps/01_config/ParserConfig.xml]
15:08:19,920 DEBUG Using JAXP provider [com.sun.org.apache.xerces.internal.jaxp.DocumentBuilderFactoryImpl]
15:08:19,961 DEBUG Loading schema mappings from [META-INF/spring.schemas]
15:08:19,962 DEBUG Loaded schema mappings: {http://www.springframework.org/schema/lang/spring-lang-2.5.xsd=org/springframework/scripting/config/spring-lang-2.5.xsd, http://www.springframework.org/schema/lang/spring-lang.xsd=org/springframework/scripting/config/spring-lang-2.5.xsd, http://www.springframework.org/schema/context/spring-context-2.5.xsd=org/springframework/context/config/spring-context-2.5.xsd, http://www.springframework.org/schema/jms/spring-jms-2.5.xsd=org/springframework/jms/config/spring-jms-2.5.xsd, http://www.springframework.org/schema/context/spring-context.xsd=org/springframework/context/config/spring-context-2.5.xsd, http://www.springframework.org/schema/aop/spring-aop.xsd=org/springframework/aop/config/spring-aop-2.5.xsd, http://www.springframework.org/schema/util/spring-util-2.0.xsd=org/springframework/beans/factory/xml/spring-util-2.0.xsd, http://www.springframework.org/schema/util/spring-util-2.5.xsd=org/springframework/beans/factory/xml/spring-util-2.5.xsd, http://www.springframework.org/schema/tool/spring-tool-2.0.xsd=org/springframework/beans/factory/xml/spring-tool-2.0.xsd, http://www.springframework.org/schema/tx/spring-tx-2.0.xsd=org/springframework/transaction/config/spring-tx-2.0.xsd, http://www.springframework.org/schema/tool/spring-tool-2.5.xsd=org/springframework/beans/factory/xml/spring-tool-2.5.xsd, http://www.springframework.org/schema/tx/spring-tx-2.5.xsd=org/springframework/transaction/config/spring-tx-2.5.xsd, http://www.springframework.org/schema/beans/spring-beans-2.0.xsd=org/springframework/beans/factory/xml/spring-beans-2.0.xsd, http://www.springframework.org/schema/jms/spring-jms.xsd=org/springframework/jms/config/spring-jms-2.5.xsd, http://www.springframework.org/schema/beans/spring-beans-2.5.xsd=org/springframework/beans/factory/xml/spring-beans-2.5.xsd, http://www.springframework.org/schema/beans/spring-beans.xsd=org/springframework/beans/factory/xml/spring-beans-2.5.xsd, http://www.springframework.org/schema/jee/spring-jee.xsd=org/springframework/ejb/config/spring-jee-2.5.xsd, http://www.springframework.org/schema/tool/spring-tool.xsd=org/springframework/beans/factory/xml/spring-tool-2.5.xsd, http://www.springframework.org/schema/tx/spring-tx.xsd=org/springframework/transaction/config/spring-tx-2.5.xsd, http://www.springframework.org/schema/jee/spring-jee-2.0.xsd=org/springframework/ejb/config/spring-jee-2.0.xsd, http://www.springframework.org/schema/aop/spring-aop-2.0.xsd=org/springframework/aop/config/spring-aop-2.0.xsd, http://www.springframework.org/schema/aop/spring-aop-2.5.xsd=org/springframework/aop/config/spring-aop-2.5.xsd, http://www.springframework.org/schema/jee/spring-jee-2.5.xsd=org/springframework/ejb/config/spring-jee-2.5.xsd, http://www.springframework.org/schema/lang/spring-lang-2.0.xsd=org/springframework/scripting/config/spring-lang-2.0.xsd, http://www.springframework.org/schema/util/spring-util.xsd=org/springframework/beans/factory/xml/spring-util-2.5.xsd}
15:08:19,963 DEBUG Found XML schema [http://www.springframework.org/schema/beans/spring-beans.xsd] in classpath: org/springframework/beans/factory/xml/spring-beans-2.5.xsd
15:08:19,998 DEBUG Loading bean definitions
15:08:20,011 DEBUG Loaded 2 bean definitions from location pattern [01_config/ParserConfig.xml]
15:08:20,011 INFO  Bean factory for application context [org.springframework.context.support.FileSystemXmlApplicationContext@161cd475]: org.springframework.beans.factory.support.DefaultListableBeanFactory@6bf256fa
15:08:20,011 DEBUG 2 beans defined in org.springframework.context.support.FileSystemXmlApplicationContext@161cd475: display name [org.springframework.context.support.FileSystemXmlApplicationContext@161cd475]; startup date [Sat Apr 10 15:08:19 WIB 2021]; root of context hierarchy
15:08:20,021 DEBUG Creating shared instance of singleton bean 'propertyConfigurer'
15:08:20,022 DEBUG Creating instance of bean 'propertyConfigurer'
15:08:20,040 DEBUG Eagerly caching bean 'propertyConfigurer' to allow for resolving potential circular references
15:08:20,049 DEBUG Finished creating instance of bean 'propertyConfigurer'
15:08:20,050 INFO  Loading properties file from URL [file:01_config/outputMethod/OutputMethod1.cfg]
15:08:20,055 DEBUG Unable to locate MessageSource with name 'messageSource': using default [org.springframework.context.support.DelegatingMessageSource@4520ebad]
15:08:20,056 DEBUG Unable to locate ApplicationEventMulticaster with name 'applicationEventMulticaster': using default [org.springframework.context.event.SimpleApplicationEventMulticaster@2a5ca609]
15:08:20,057 INFO  Pre-instantiating singletons in org.springframework.beans.factory.support.DefaultListableBeanFactory@6bf256fa: defining beans [propertyConfigurer,dataSource]; root of factory hierarchy
15:08:20,057 DEBUG Returning cached instance of singleton bean 'propertyConfigurer'
15:08:20,057 DEBUG Creating shared instance of singleton bean 'dataSource'
15:08:20,057 DEBUG Creating instance of bean 'dataSource'
15:08:20,302 DEBUG Eagerly caching bean 'dataSource' to allow for resolving potential circular references
15:08:20,313 DEBUG Finished creating instance of bean 'dataSource'
15:08:20,336 INFO  DR file location MappingTransport.cfg not exists
