log4j:WARN No appenders could be found for logger (id.co.smltech.praxis.cynapse.executor.CynapseExecutorV2).
log4j:WARN Please initialize the log4j system properly.
log4j:WARN See http://logging.apache.org/log4j/1.2/faq.html#noconfig for more info.
SLF4J: Class path contains multiple SLF4J bindings.
SLF4J: Found binding in [jar:file:/data02/Cynapse/HUAWEIPM3G/RNC/00_bin/Cynapse_lib/slf4j-log4j12-1.6.1.jar!/org/slf4j/impl/StaticLoggerBinder.class]
SLF4J: Found binding in [jar:file:/data02/Cynapse/HUAWEIPM3G/RNC/00_bin/Cynapse_lib/servo_bds_collector_lib/slf4j-log4j12-1.6.1.jar!/org/slf4j/impl/StaticLoggerBinder.class]
SLF4J: See http://www.slf4j.org/codes.html#multiple_bindings for an explanation.
../04_loader/3GRHUA01/R1_H67109365-2014062323.loa.0 H67109365 2014062323
../04_loader/3GRHUA01/R1_H67109365-2014062323.loa.1 H67109365 2014062323
../04_loader/3GRHUA01/R1_H67109366-2014062323.loa.0 H67109366 2014062323
../04_loader/3GRHUA01/R1_H67109366-2014062323.loa.1 H67109366 2014062323
../04_loader/3GRHUA01/R1_H67109367-2014062323.loa.0 H67109367 2014062323
../04_loader/3GRHUA01/R1_H67109367-2014062323.loa.1 H67109367 2014062323
../04_loader/3GRHUA01/R1_H67109368-2014062323.loa.0 H67109368 2014062323
../04_loader/3GRHUA01/R1_H67109368-2014062323.loa.1 H67109368 2014062323
../04_loader/3GRHUA01/R1_H67109369-2014062323.loa.0 H67109369 2014062323
../04_loader/3GRHUA01/R1_H67109369-2014062323.loa.1 H67109369 2014062323
../04_loader/3GRHUA01/R1_H67109370-2014062323.loa.0 H67109370 2014062323
../04_loader/3GRHUA01/R1_H67109370-2014062323.loa.1 H67109370 2014062323
../04_loader/3GRHUA01/R1_H67109371-2014062323.loa.0 H67109371 2014062323
../04_loader/3GRHUA01/R1_H67109371-2014062323.loa.1 H67109371 2014062323
../04_loader/3GRHUA01/R1_H67109372-2014062323.loa.0 H67109372 2014062323
../04_loader/3GRHUA01/R1_H67109372-2014062323.loa.1 H67109372 2014062323
../04_loader/3GRHUA01/R1_H67109373-2014062323.loa.0 H67109373 2014062323
../04_loader/3GRHUA01/R1_H67109373-2014062323.loa.1 H67109373 2014062323
../04_loader/3GRHUA01/R1_H67109374-2014062323.loa.0 H67109374 2014062323
../04_loader/3GRHUA01/R1_H67109374-2014062323.loa.1 H67109374 2014062323
../04_loader/3GRHUA01/R1_H67109375-2014062323.loa.0 H67109375 2014062323
../04_loader/3GRHUA01/R1_H67109375-2014062323.loa.1 H67109375 2014062323
../04_loader/3GRHUA01/R1_H67109376-2014062323.loa.0 H67109376 2014062323
../04_loader/3GRHUA01/R1_H67109376-2014062323.loa.1 H67109376 2014062323
../04_loader/3GRHUA01/R1_H67109377-2014062323.loa.0 H67109377 2014062323
../04_loader/3GRHUA01/R1_H67109377-2014062323.loa.1 H67109377 2014062323
../04_loader/3GRHUA01/R1_H67109378-2014062323.loa.0 H67109378 2014062323
../04_loader/3GRHUA01/R1_H67109378-2014062323.loa.1 H67109378 2014062323
../04_loader/3GRHUA01/R1_H67109379-2014062323.loa.0 H67109379 2014062323
../04_loader/3GRHUA01/R1_H67109379-2014062323.loa.1 H67109379 2014062323
../04_loader/3GRHUA01/R1_H67109380-2014062323.loa.0 H67109380 2014062323
../04_loader/3GRHUA01/R1_H67109380-2014062323.loa.1 H67109380 2014062323
../04_loader/3GRHUA01/R1_H67109381-2014062323.loa.0 H67109381 2014062323
../04_loader/3GRHUA01/R1_H67109381-2014062323.loa.1 H67109381 2014062323
../04_loader/3GRHUA01/R1_H67109382-2014062323.loa.0 H67109382 2014062323
../04_loader/3GRHUA01/R1_H67109382-2014062323.loa.1 H67109382 2014062323
../04_loader/3GRHUA01/R1_H67109383-2014062323.loa.0 H67109383 2014062323
../04_loader/3GRHUA01/R1_H67109383-2014062323.loa.1 H67109383 2014062323
../04_loader/3GRHUA01/R1_H67109384-2014062323.loa.0 H67109384 2014062323
../04_loader/3GRHUA01/R1_H67109384-2014062323.loa.1 H67109384 2014062323
../04_loader/3GRHUA01/R1_H67109385-2014062323.loa.0 H67109385 2014062323
../04_loader/3GRHUA01/R1_H67109385-2014062323.loa.1 H67109385 2014062323
../04_loader/3GRHUA01/R1_H67109386-2014062323.loa.0 H67109386 2014062323
../04_loader/3GRHUA01/R1_H67109386-2014062323.loa.1 H67109386 2014062323
../04_loader/3GRHUA01/R1_H67109387-2014062323.loa.0 H67109387 2014062323
../04_loader/3GRHUA01/R1_H67109387-2014062323.loa.1 H67109387 2014062323
../04_loader/3GRHUA01/R1_H67109390-2014062323.loa.0 H67109390 2014062323
../04_loader/3GRHUA01/R1_H67109390-2014062323.loa.1 H67109390 2014062323
../04_loader/3GRHUA01/R1_H67109391-2014062323.loa.0 H67109391 2014062323
../04_loader/3GRHUA01/R1_H67109391-2014062323.loa.1 H67109391 2014062323
../04_loader/3GRHUA01/R1_H67109392-2014062323.loa.0 H67109392 2014062323
../04_loader/3GRHUA01/R1_H67109392-2014062323.loa.1 H67109392 2014062323
../04_loader/3GRHUA01/R1_H67109393-2014062323.loa.0 H67109393 2014062323
../04_loader/3GRHUA01/R1_H67109393-2014062323.loa.1 H67109393 2014062323
../04_loader/3GRHUA01/R1_H67109394-2014062323.loa.0 H67109394 2014062323
../04_loader/3GRHUA01/R1_H67109394-2014062323.loa.1 H67109394 2014062323
../04_loader/3GRHUA01/R1_H67109395-2014062323.loa.0 H67109395 2014062323
../04_loader/3GRHUA01/R1_H67109395-2014062323.loa.1 H67109395 2014062323
../04_loader/3GRHUA01/R1_H67109395-2014062323.loa.10 H67109395 2014062323
../04_loader/3GRHUA01/R1_H67109395-2014062323.loa.11 H67109395 2014062323
../04_loader/3GRHUA01/R1_H67109395-2014062323.loa.12 H67109395 2014062323
../04_loader/3GRHUA01/R1_H67109395-2014062323.loa.13 H67109395 2014062323
../04_loader/3GRHUA01/R1_H67109395-2014062323.loa.14 H67109395 2014062323
../04_loader/3GRHUA01/R1_H67109395-2014062323.loa.15 H67109395 2014062323
../04_loader/3GRHUA01/R1_H67109395-2014062323.loa.16 H67109395 2014062323
../04_loader/3GRHUA01/R1_H67109395-2014062323.loa.17 H67109395 2014062323
../04_loader/3GRHUA01/R1_H67109395-2014062323.loa.18 H67109395 2014062323
../04_loader/3GRHUA01/R1_H67109395-2014062323.loa.19 H67109395 2014062323
../04_loader/3GRHUA01/R1_H67109395-2014062323.loa.2 H67109395 2014062323
../04_loader/3GRHUA01/R1_H67109395-2014062323.loa.20 H67109395 2014062323
../04_loader/3GRHUA01/R1_H67109395-2014062323.loa.3 H67109395 2014062323
../04_loader/3GRHUA01/R1_H67109395-2014062323.loa.4 H67109395 2014062323
../04_loader/3GRHUA01/R1_H67109395-2014062323.loa.5 H67109395 2014062323
../04_loader/3GRHUA01/R1_H67109395-2014062323.loa.6 H67109395 2014062323
../04_loader/3GRHUA01/R1_H67109395-2014062323.loa.7 H67109395 2014062323
../04_loader/3GRHUA01/R1_H67109395-2014062323.loa.8 H67109395 2014062323
../04_loader/3GRHUA01/R1_H67109395-2014062323.loa.9 H67109395 2014062323
../04_loader/3GRHUA01/R1_H67109400-2014062323.loa.0 H67109400 2014062323
../04_loader/3GRHUA01/R1_H67109402-2014062323.loa.0 H67109402 2014062323
../04_loader/3GRHUA01/R1_H67109403-2014062323.loa.0 H67109403 2014062323
../04_loader/3GRHUA01/R1_H67109405-2014062323.loa.0 H67109405 2014062323
../04_loader/3GRHUA01/R1_H67109406-2014062323.loa.0 H67109406 2014062323
../04_loader/3GRHUA01/R1_H67109407-2014062323.loa.0 H67109407 2014062323
../04_loader/3GRHUA01/R1_H67109408-2014062323.loa.0 H67109408 2014062323
../04_loader/3GRHUA01/R1_H67109410-2014062323.loa.0 H67109410 2014062323
../04_loader/3GRHUA01/R1_H67109411-2014062323.loa.0 H67109411 2014062323
../04_loader/3GRHUA01/R1_H67109412-2014062323.loa.0 H67109412 2014062323
../04_loader/3GRHUA01/R1_H67109413-2014062323.loa.0 H67109413 2014062323
../04_loader/3GRHUA01/R1_H67109413-2014062323.loa.1 H67109413 2014062323
../04_loader/3GRHUA01/R1_H67109420-2014062323.loa.0 H67109420 2014062323
../04_loader/3GRHUA01/R1_H67109421-2014062323.loa.0 H67109421 2014062323
../04_loader/3GRHUA01/R1_H67109422-2014062323.loa.0 H67109422 2014062323
../04_loader/3GRHUA01/R1_H67109424-2014062323.loa.0 H67109424 2014062323
../04_loader/3GRHUA01/R1_H67109425-2014062323.loa.0 H67109425 2014062323
../04_loader/3GRHUA01/R1_H67109426-2014062323.loa.0 H67109426 2014062323
../04_loader/3GRHUA01/R1_H67109428-2014062323.loa.0 H67109428 2014062323
../04_loader/3GRHUA01/R1_H67109429-2014062323.loa.0 H67109429 2014062323
../04_loader/3GRHUA01/R1_H67109430-2014062323.loa.0 H67109430 2014062323
../04_loader/3GRHUA01/R1_H67109431-2014062323.loa.0 H67109431 2014062323
../04_loader/3GRHUA01/R1_H67109432-2014062323.loa.0 H67109432 2014062323
../04_loader/3GRHUA01/R1_H67109433-2014062323.loa.0 H67109433 2014062323
../04_loader/3GRHUA01/R1_H67109434-2014062323.loa.0 H67109434 2014062323
../04_loader/3GRHUA01/R1_H67109435-2014062323.loa.0 H67109435 2014062323
../04_loader/3GRHUA01/R1_H67109437-2014062323.loa.0 H67109437 2014062323
../04_loader/3GRHUA01/R1_H67109438-2014062323.loa.0 H67109438 2014062323
../04_loader/3GRHUA01/R1_H67109440-2014062323.loa.0 H67109440 2014062323
../04_loader/3GRHUA01/R1_H67109443-2014062323.loa.0 H67109443 2014062323
../04_loader/3GRHUA01/R1_H67109444-2014062323.loa.0 H67109444 2014062323
../04_loader/3GRHUA01/R1_H67109445-2014062323.loa.0 H67109445 2014062323
../04_loader/3GRHUA01/R1_H67109446-2014062323.loa.0 H67109446 2014062323
../04_loader/3GRHUA01/R1_H67109447-2014062323.loa.0 H67109447 2014062323
../04_loader/3GRHUA01/R1_H67109448-2014062323.loa.0 H67109448 2014062323
../04_loader/3GRHUA01/R1_H67109449-2014062323.loa.0 H67109449 2014062323
../04_loader/3GRHUA01/R1_H67109450-2014062323.loa.0 H67109450 2014062323
../04_loader/3GRHUA01/R1_H67109451-2014062323.loa.0 H67109451 2014062323
../04_loader/3GRHUA01/R1_H67109452-2014062323.loa.0 H67109452 2014062323
../04_loader/3GRHUA01/R1_H67109453-2014062323.loa.0 H67109453 2014062323
../04_loader/3GRHUA01/R1_H67109457-2014062323.loa.0 H67109457 2014062323
../04_loader/3GRHUA01/R1_H67109460-2014062323.loa.0 H67109460 2014062323
../04_loader/3GRHUA01/R1_H67109466-2014062323.loa.0 H67109466 2014062323
../04_loader/3GRHUA01/R1_H67109467-2014062323.loa.0 H67109467 2014062323
../04_loader/3GRHUA01/R1_H67109468-2014062323.loa.0 H67109468 2014062323
../04_loader/3GRHUA01/R1_H67109469-2014062323.loa.0 H67109469 2014062323
../04_loader/3GRHUA01/R1_H67109471-2014062323.loa.0 H67109471 2014062323
../04_loader/3GRHUA01/R1_H67109471-2014062323.loa.1 H67109471 2014062323
../04_loader/3GRHUA01/R1_H67109473-2014062323.loa.0 H67109473 2014062323
../04_loader/3GRHUA01/R1_H67109474-2014062323.loa.0 H67109474 2014062323
../04_loader/3GRHUA01/R1_H67109474-2014062323.loa.1 H67109474 2014062323
../04_loader/3GRHUA01/R1_H67109478-2014062323.loa.0 H67109478 2014062323
../04_loader/3GRHUA01/R1_H67109479-2014062323.loa.0 H67109479 2014062323
../04_loader/3GRHUA01/R1_H67109480-2014062323.loa.0 H67109480 2014062323
../04_loader/3GRHUA01/R1_H67109481-2014062323.loa.0 H67109481 2014062323
../04_loader/3GRHUA01/R1_H67109482-2014062323.loa.0 H67109482 2014062323
../04_loader/3GRHUA01/R1_H67109483-2014062323.loa.0 H67109483 2014062323
../04_loader/3GRHUA01/R1_H67109484-2014062323.loa.0 H67109484 2014062323
../04_loader/3GRHUA01/R1_H67109485-2014062323.loa.0 H67109485 2014062323
../04_loader/3GRHUA01/R1_H67109486-2014062323.loa.0 H67109486 2014062323
../04_loader/3GRHUA01/R1_H67109487-2014062323.loa.0 H67109487 2014062323
../04_loader/3GRHUA01/R1_H67109488-2014062323.loa.0 H67109488 2014062323
../04_loader/3GRHUA01/R1_H67109493-2014062323.loa.0 H67109493 2014062323
../04_loader/3GRHUA01/R1_H67109495-2014062323.loa.0 H67109495 2014062323
../04_loader/3GRHUA01/R1_H67109500-2014062323.loa.0 H67109500 2014062323
../04_loader/3GRHUA01/R1_H67109505-2014062323.loa.0 H67109505 2014062323
../04_loader/3GRHUA01/R1_H67109505-2014062323.loa.1 H67109505 2014062323
../04_loader/3GRHUA01/R1_H67109508-2014062323.loa.0 H67109508 2014062323
../04_loader/3GRHUA01/R1_H67109508-2014062323.loa.1 H67109508 2014062323
../04_loader/3GRHUA01/R1_H67109509-2014062323.loa.0 H67109509 2014062323
../04_loader/3GRHUA01/R1_H67109509-2014062323.loa.1 H67109509 2014062323
../04_loader/3GRHUA01/R1_H67109510-2014062323.loa.0 H67109510 2014062323
../04_loader/3GRHUA01/R1_H67109510-2014062323.loa.1 H67109510 2014062323
../04_loader/3GRHUA01/R1_H67109515-2014062323.loa.0 H67109515 2014062323
../04_loader/3GRHUA01/R1_H67109516-2014062323.loa.0 H67109516 2014062323
../04_loader/3GRHUA01/R1_H67109517-2014062323.loa.0 H67109517 2014062323
../04_loader/3GRHUA01/R1_H67109518-2014062323.loa.0 H67109518 2014062323
../04_loader/3GRHUA01/R1_H67109519-2014062323.loa.0 H67109519 2014062323
../04_loader/3GRHUA01/R1_H67109523-2014062323.loa.0 H67109523 2014062323
../04_loader/3GRHUA01/R1_H67109523-2014062323.loa.1 H67109523 2014062323
../04_loader/3GRHUA01/R1_H67109526-2014062323.loa.0 H67109526 2014062323
../04_loader/3GRHUA01/R1_H67109535-2014062323.loa.0 H67109535 2014062323
../04_loader/3GRHUA01/R1_H67109536-2014062323.loa.0 H67109536 2014062323
../04_loader/3GRHUA01/R1_H67109537-2014062323.loa.0 H67109537 2014062323
../04_loader/3GRHUA01/R1_H67109538-2014062323.loa.0 H67109538 2014062323
../04_loader/3GRHUA01/R1_H67109545-2014062323.loa.0 H67109545 2014062323
../04_loader/3GRHUA01/R1_H67109545-2014062323.loa.1 H67109545 2014062323
../04_loader/3GRHUA01/R1_H67109546-2014062323.loa.0 H67109546 2014062323
../04_loader/3GRHUA01/R1_H67109553-2014062323.loa.0 H67109553 2014062323
../04_loader/3GRHUA01/R1_H67109554-2014062323.loa.0 H67109554 2014062323
../04_loader/3GRHUA01/R1_H82833917-2014062323.loa.0 H82833917 2014062323
../04_loader/3GRHUA01/R1_H82833951-2014062323.loa.0 H82833951 2014062323
../04_loader/3GRHUA01/R1_H82833952-2014062323.loa.0 H82833952 2014062323
../04_loader/3GRHUA01/R1_H82833961-2014062323.loa.0 H82833961 2014062323
../04_loader/3GRHUA01/R1_H82834001-2014062323.loa.0 H82834001 2014062323
../04_loader/3GRHUA01/R1_H82834002-2014062323.loa.0 H82834002 2014062323
../04_loader/3GRHUA01/R1_H82834003-2014062323.loa.0 H82834003 2014062323
../04_loader/3GRHUA01/R1_H82834952-2014062323.loa.0 H82834952 2014062323
../04_loader/3GRHUA01/R1_H82834952-2014062323.loa.1 H82834952 2014062323
../04_loader/3GRHUA01/R1_H82863914-2014062323.loa.0 H82863914 2014062323
../04_loader/3GRHUA01/R1_H82863914-2014062323.loa.1 H82863914 2014062323
../04_loader/3GRHUA01/R1_H82863927-2014062323.loa.0 H82863927 2014062323
../04_loader/3GRHUA01/R1_H82863927-2014062323.loa.1 H82863927 2014062323
../04_loader/3GRHUA01/R1_H82863928-2014062323.loa.0 H82863928 2014062323
../04_loader/3GRHUA01/R1_H82863928-2014062323.loa.1 H82863928 2014062323
../04_loader/3GRHUA01/R1_H82863929-2014062323.loa.0 H82863929 2014062323
../04_loader/3GRHUA01/R1_H82863947-2014062323.loa.0 H82863947 2014062323
../04_loader/3GRHUA01/R1_H82863947-2014062323.loa.1 H82863947 2014062323
../04_loader/3GRHUA01/R1_H82863949-2014062323.loa.0 H82863949 2014062323
../04_loader/3GRHUA01/R1_H82863949-2014062323.loa.1 H82863949 2014062323
../04_loader/3GRHUA01/R1_H82863953-2014062323.loa.0 H82863953 2014062323
../04_loader/3GRHUA01/R1_H82863953-2014062323.loa.1 H82863953 2014062323
../04_loader/3GRHUA01/R1_H82863956-2014062323.loa.0 H82863956 2014062323
../04_loader/3GRHUA01/R1_H82863957-2014062323.loa.0 H82863957 2014062323
../04_loader/3GRHUA01/R1_H82863957-2014062323.loa.1 H82863957 2014062323
../04_loader/3GRHUA01/R1_H82863958-2014062323.loa.0 H82863958 2014062323
../04_loader/3GRHUA01/R1_H82863958-2014062323.loa.1 H82863958 2014062323
../04_loader/3GRHUA01/R1_H82863959-2014062323.loa.0 H82863959 2014062323
../04_loader/3GRHUA01/R1_H82863959-2014062323.loa.1 H82863959 2014062323
../04_loader/3GRHUA01/R1_H82863983-2014062323.loa.0 H82863983 2014062323
../04_loader/3GRHUA01/R1_H82863983-2014062323.loa.1 H82863983 2014062323
compressing...
compressing 20140623
ERROR 2 (HY000) at line 1: File '../04_loader/3GRHUA01/R1_H67109395-2014062323.loa.0' not found (Errcode: 2)
ERROR 2 (HY000) at line 1: File '../04_loader/3GRHUA01/R1_H67109395-2014062323.loa.1' not found (Errcode: 2)
ERROR 2 (HY000) at line 1: File '../04_loader/3GRHUA01/R1_H67109395-2014062323.loa.10' not found (Errcode: 2)
ERROR 2 (HY000) at line 1: File '../04_loader/3GRHUA01/R1_H67109395-2014062323.loa.11' not found (Errcode: 2)
ERROR 2 (HY000) at line 1: File '../04_loader/3GRHUA01/R1_H67109395-2014062323.loa.12' not found (Errcode: 2)
ERROR 2 (HY000) at line 1: File '../04_loader/3GRHUA01/R1_H67109395-2014062323.loa.13' not found (Errcode: 2)
ERROR 2 (HY000) at line 1: File '../04_loader/3GRHUA01/R1_H67109395-2014062323.loa.14' not found (Errcode: 2)
ERROR 2 (HY000) at line 1: File '../04_loader/3GRHUA01/R1_H67109395-2014062323.loa.15' not found (Errcode: 2)
ERROR 2 (HY000) at line 1: File '../04_loader/3GRHUA01/R1_H67109395-2014062323.loa.16' not found (Errcode: 2)
ERROR 2 (HY000) at line 1: File '../04_loader/3GRHUA01/R1_H67109395-2014062323.loa.17' not found (Errcode: 2)
ERROR 2 (HY000) at line 1: File '../04_loader/3GRHUA01/R1_H67109395-2014062323.loa.18' not found (Errcode: 2)
ERROR 2 (HY000) at line 1: File '../04_loader/3GRHUA01/R1_H67109395-2014062323.loa.19' not found (Errcode: 2)
ERROR 2 (HY000) at line 1: File '../04_loader/3GRHUA01/R1_H67109395-2014062323.loa.2' not found (Errcode: 2)
ERROR 2 (HY000) at line 1: File '../04_loader/3GRHUA01/R1_H67109395-2014062323.loa.20' not found (Errcode: 2)
ERROR 2 (HY000) at line 1: File '../04_loader/3GRHUA01/R1_H67109395-2014062323.loa.3' not found (Errcode: 2)
ERROR 2 (HY000) at line 1: File '../04_loader/3GRHUA01/R1_H67109395-2014062323.loa.4' not found (Errcode: 2)
ERROR 2 (HY000) at line 1: File '../04_loader/3GRHUA01/R1_H67109395-2014062323.loa.5' not found (Errcode: 2)
ERROR 2 (HY000) at line 1: File '../04_loader/3GRHUA01/R1_H67109395-2014062323.loa.6' not found (Errcode: 2)
ERROR 2 (HY000) at line 1: File '../04_loader/3GRHUA01/R1_H67109395-2014062323.loa.7' not found (Errcode: 2)
ERROR 2 (HY000) at line 1: File '../04_loader/3GRHUA01/R1_H67109395-2014062323.loa.8' not found (Errcode: 2)
ERROR 2 (HY000) at line 1: File '../04_loader/3GRHUA01/R1_H67109395-2014062323.loa.9' not found (Errcode: 2)
